[debug] [2025-07-19T18:41:57.341Z] ----------------------------------------------------------------------
[debug] [2025-07-19T18:41:57.344Z] Command:       C:\Users\Usuario\.nvm\versions\node\v22.0.0\bin\node.exe C:\Users\Usuario\.nvm\versions\node\v22.0.0\bin\node_modules\firebase-tools\lib\bin\firebase.js init hosting
[debug] [2025-07-19T18:41:57.344Z] CLI Version:   14.11.0
[debug] [2025-07-19T18:41:57.344Z] Platform:      win32
[debug] [2025-07-19T18:41:57.344Z] Node Version:  v22.0.0
[debug] [2025-07-19T18:41:57.344Z] Time:          Sat Jul 19 2025 15:41:57 GMT-0300 (Horário Padrão de Brasília)
[debug] [2025-07-19T18:41:57.344Z] ----------------------------------------------------------------------
[debug] 
[debug] [2025-07-19T18:41:57.346Z] >>> [apiv2][query] GET https://firebase-public.firebaseio.com/cli.json [none]
[debug] [2025-07-19T18:41:57.382Z] > command requires scopes: ["email","openid","https://www.googleapis.com/auth/cloudplatformprojects.readonly","https://www.googleapis.com/auth/firebase","https://www.googleapis.com/auth/cloud-platform"]
[debug] [2025-07-19T18:41:57.382Z] > authorizing via signed-in user (pedrosgmagalhaes@gmail.com)
[info] 
     ######## #### ########  ######## ########     ###     ######  ########
     ##        ##  ##     ## ##       ##     ##  ##   ##  ##       ##
     ######    ##  ########  ######   ########  #########  ######  ######
     ##        ##  ##    ##  ##       ##     ## ##     ##       ## ##
     ##       #### ##     ## ######## ########  ##     ##  ######  ########

You're about to initialize a Firebase project in this directory:

  C:\Users\Usuario\Projetos\PixOnChain\pixonchain-docs

[debug] [2025-07-19T18:41:57.738Z] <<< [apiv2][status] GET https://firebase-public.firebaseio.com/cli.json 200
[debug] [2025-07-19T18:41:57.738Z] <<< [apiv2][body] GET https://firebase-public.firebaseio.com/cli.json {"cloudBuildErrorAfter":1594252800000,"cloudBuildWarnAfter":1590019200000,"defaultNode10After":1594252800000,"minVersion":"3.0.5","node8DeploysDisabledAfter":1613390400000,"node8RuntimeDisabledAfter":1615809600000,"node8WarnAfter":1600128000000}
[debug] [2025-07-19T18:42:08.731Z] ----------------------------------------------------------------------
[debug] [2025-07-19T18:42:08.733Z] Command:       C:\Users\Usuario\.nvm\versions\node\v22.0.0\bin\node.exe C:\Users\Usuario\.nvm\versions\node\v22.0.0\bin\node_modules\firebase-tools\lib\bin\firebase.js init hosting
[debug] [2025-07-19T18:42:08.734Z] CLI Version:   14.11.0
[debug] [2025-07-19T18:42:08.734Z] Platform:      win32
[debug] [2025-07-19T18:42:08.734Z] Node Version:  v22.0.0
[debug] [2025-07-19T18:42:08.734Z] Time:          Sat Jul 19 2025 15:42:08 GMT-0300 (Horário Padrão de Brasília)
[debug] [2025-07-19T18:42:08.734Z] ----------------------------------------------------------------------
[debug] 
[debug] [2025-07-19T18:42:08.913Z] > command requires scopes: ["email","openid","https://www.googleapis.com/auth/cloudplatformprojects.readonly","https://www.googleapis.com/auth/firebase","https://www.googleapis.com/auth/cloud-platform"]
[debug] [2025-07-19T18:42:08.913Z] > authorizing via signed-in user (pedrosgmagalhaes@gmail.com)
[info] 
     ######## #### ########  ######## ########     ###     ######  ########
     ##        ##  ##     ## ##       ##     ##  ##   ##  ##       ##
     ######    ##  ########  ######   ########  #########  ######  ######
     ##        ##  ##    ##  ##       ##     ## ##     ##       ## ##
     ##       #### ##     ## ######## ########  ##     ##  ######  ########

You're about to initialize a Firebase project in this directory:

  C:\Users\Usuario\Projetos\PixOnChain\pixonchain-docs

Before we get started, keep in mind:

  * You are initializing within an existing Firebase project directory

[info] 
=== Project Setup
[info] 
[info] First, let's associate this project directory with a Firebase project.
[info] You can create multiple project aliases by running firebase use --add, 
[info] but for now we'll just set up a default project.
[info] 
[info] i  If you want to create a project in a Google Cloud organization or folder, please use "firebase projects:create" instead, and return to this command when you've created the project. 
[debug] [2025-07-19T18:42:18.596Z] Checked if tokens are valid: false, expires at: 1752906560246
[debug] [2025-07-19T18:42:18.596Z] Checked if tokens are valid: false, expires at: 1752906560246
[debug] [2025-07-19T18:42:18.596Z] > refreshing access token with scopes: []
[debug] [2025-07-19T18:42:18.598Z] >>> [apiv2][query] POST https://www.googleapis.com/oauth2/v3/token [none]
[debug] [2025-07-19T18:42:18.598Z] >>> [apiv2][body] POST https://www.googleapis.com/oauth2/v3/token [omitted]
[debug] [2025-07-19T18:42:18.836Z] <<< [apiv2][status] POST https://www.googleapis.com/oauth2/v3/token 200
[debug] [2025-07-19T18:42:18.836Z] <<< [apiv2][body] POST https://www.googleapis.com/oauth2/v3/token [omitted]
[debug] [2025-07-19T18:42:18.889Z] >>> [apiv2][query] POST https://firebase.googleapis.com/v1/projects:checkProjectId [none]
[debug] [2025-07-19T18:42:18.889Z] >>> [apiv2][body] POST https://firebase.googleapis.com/v1/projects:checkProjectId {"proposedId":"docs-pixley[]"}
[debug] [2025-07-19T18:42:19.064Z] <<< [apiv2][status] POST https://firebase.googleapis.com/v1/projects:checkProjectId 400
[debug] [2025-07-19T18:42:19.064Z] <<< [apiv2][body] POST https://firebase.googleapis.com/v1/projects:checkProjectId {"error":{"code":400,"message":"Request contains an invalid argument.","status":"INVALID_ARGUMENT"}}
[debug] [2025-07-19T18:42:19.065Z] Couldn't check if project ID docs-pixley[] is available. Original error: FirebaseError: Failed to check if project ID is available. See firebase-debug.log for more info.
[debug] [2025-07-19T18:42:22.483Z] ExitPromptError: User force closed the prompt with SIGINT
    at Interface.sigint (C:\Users\Usuario\.nvm\versions\node\v22.0.0\bin\node_modules\firebase-tools\node_modules\@inquirer\core\dist\commonjs\lib\create-prompt.js:101:37)
    at Interface.emit (node:events:520:28)
    at Interface.emit (node:domain:488:12)
    at [_ttyWrite] [as _ttyWrite] (node:internal/readline/interface:1126:18)
    at ReadStream.onkeypress (node:internal/readline/interface:265:20)
    at ReadStream.emit (node:events:532:35)
    at ReadStream.emit (node:domain:488:12)
    at emitKeys (node:internal/readline/utils:371:14)
    at emitKeys.next (<anonymous>)
    at ReadStream.onData (node:internal/readline/emitKeypressEvents:64:36)
[error] 
[error] Error: An unexpected error has occurred.
[debug] [2025-07-19T18:42:25.776Z] ----------------------------------------------------------------------
[debug] [2025-07-19T18:42:25.779Z] Command:       C:\Users\Usuario\.nvm\versions\node\v22.0.0\bin\node.exe C:\Users\Usuario\.nvm\versions\node\v22.0.0\bin\node_modules\firebase-tools\lib\bin\firebase.js init hosting
[debug] [2025-07-19T18:42:25.779Z] CLI Version:   14.11.0
[debug] [2025-07-19T18:42:25.779Z] Platform:      win32
[debug] [2025-07-19T18:42:25.779Z] Node Version:  v22.0.0
[debug] [2025-07-19T18:42:25.780Z] Time:          Sat Jul 19 2025 15:42:25 GMT-0300 (Horário Padrão de Brasília)
[debug] [2025-07-19T18:42:25.780Z] ----------------------------------------------------------------------
[debug] 
[debug] [2025-07-19T18:42:25.947Z] > command requires scopes: ["email","openid","https://www.googleapis.com/auth/cloudplatformprojects.readonly","https://www.googleapis.com/auth/firebase","https://www.googleapis.com/auth/cloud-platform"]
[debug] [2025-07-19T18:42:25.947Z] > authorizing via signed-in user (pedrosgmagalhaes@gmail.com)
[info] 
     ######## #### ########  ######## ########     ###     ######  ########
     ##        ##  ##     ## ##       ##     ##  ##   ##  ##       ##
     ######    ##  ########  ######   ########  #########  ######  ######
     ##        ##  ##    ##  ##       ##     ## ##     ##       ## ##
     ##       #### ##     ## ######## ########  ##     ##  ######  ########

You're about to initialize a Firebase project in this directory:

  C:\Users\Usuario\Projetos\PixOnChain\pixonchain-docs

Before we get started, keep in mind:

  * You are initializing within an existing Firebase project directory

[info] 
=== Project Setup
[info] 
[info] First, let's associate this project directory with a Firebase project.
[info] You can create multiple project aliases by running firebase use --add, 
[info] but for now we'll just set up a default project.
[info] 
[debug] [2025-07-19T18:42:27.931Z] Using project from CLI flag: pixonchain-docs
[debug] [2025-07-19T18:42:27.932Z] Checked if tokens are valid: true, expires at: 1752954137836
[debug] [2025-07-19T18:42:27.932Z] Checked if tokens are valid: true, expires at: 1752954137836
[debug] [2025-07-19T18:42:27.934Z] >>> [apiv2][query] GET https://firebase.googleapis.com/v1beta1/projects/pixonchain-docs [none]
[debug] [2025-07-19T18:42:28.520Z] <<< [apiv2][status] GET https://firebase.googleapis.com/v1beta1/projects/pixonchain-docs 403
[debug] [2025-07-19T18:42:28.520Z] <<< [apiv2][body] GET https://firebase.googleapis.com/v1beta1/projects/pixonchain-docs {"error":{"code":403,"message":"The caller does not have permission","status":"PERMISSION_DENIED"}}
[debug] [2025-07-19T18:42:28.520Z] Request to https://firebase.googleapis.com/v1beta1/projects/pixonchain-docs had HTTP Error: 403, The caller does not have permission
[debug] [2025-07-19T18:42:28.682Z] FirebaseError: Request to https://firebase.googleapis.com/v1beta1/projects/pixonchain-docs had HTTP Error: 403, The caller does not have permission
    at responseToError (C:\Users\Usuario\.nvm\versions\node\v22.0.0\bin\node_modules\firebase-tools\lib\responseToError.js:52:12)
    at RetryOperation._fn (C:\Users\Usuario\.nvm\versions\node\v22.0.0\bin\node_modules\firebase-tools\lib\apiv2.js:312:77)
    at process.processTicksAndRejections (node:internal/process/task_queues:95:5)
[error] 
[error] Error: Failed to get Firebase project pixonchain-docs. Please make sure the project exists and your account has permission to access it.
